Determining if the pthread_create exist failed with the following output:
Change Dir: /home/roboy/workspace/tracking_ws/src/roboy_darkroom/darkroom_rqt/cmake-build-debug/CMakeFiles/CMakeTmp

Run Build Command:"/usr/bin/make" "cmTC_610cb/fast"
/usr/bin/make -f CMakeFiles/cmTC_610cb.dir/build.make CMakeFiles/cmTC_610cb.dir/build
make[1]: Entering directory '/home/roboy/workspace/tracking_ws/src/roboy_darkroom/darkroom_rqt/cmake-build-debug/CMakeFiles/CMakeTmp'
Building C object CMakeFiles/cmTC_610cb.dir/CheckSymbolExists.c.o
/usr/bin/cc    -o CMakeFiles/cmTC_610cb.dir/CheckSymbolExists.c.o   -c /home/roboy/workspace/tracking_ws/src/roboy_darkroom/darkroom_rqt/cmake-build-debug/CMakeFiles/CMakeTmp/CheckSymbolExists.c
Linking C executable cmTC_610cb
/opt/clion-2018.3.4/bin/cmake/linux/bin/cmake -E cmake_link_script CMakeFiles/cmTC_610cb.dir/link.txt --verbose=1
/usr/bin/cc      -rdynamic CMakeFiles/cmTC_610cb.dir/CheckSymbolExists.c.o  -o cmTC_610cb 
CMakeFiles/cmTC_610cb.dir/CheckSymbolExists.c.o: In function `main':
CheckSymbolExists.c:(.text+0x1b): undefined reference to `pthread_create'
collect2: error: ld returned 1 exit status
CMakeFiles/cmTC_610cb.dir/build.make:86: recipe for target 'cmTC_610cb' failed
make[1]: *** [cmTC_610cb] Error 1
make[1]: Leaving directory '/home/roboy/workspace/tracking_ws/src/roboy_darkroom/darkroom_rqt/cmake-build-debug/CMakeFiles/CMakeTmp'
Makefile:121: recipe for target 'cmTC_610cb/fast' failed
make: *** [cmTC_610cb/fast] Error 2

File /home/roboy/workspace/tracking_ws/src/roboy_darkroom/darkroom_rqt/cmake-build-debug/CMakeFiles/CMakeTmp/CheckSymbolExists.c:
/* */
#include <pthread.h>

int main(int argc, char** argv)
{
  (void)argv;
#ifndef pthread_create
  return ((int*)(&pthread_create))[argc];
#else
  (void)argc;
  return 0;
#endif
}

Determining if the function pthread_create exists in the pthreads failed with the following output:
Change Dir: /home/roboy/workspace/tracking_ws/src/roboy_darkroom/darkroom_rqt/cmake-build-debug/CMakeFiles/CMakeTmp

Run Build Command:"/usr/bin/make" "cmTC_b9a6d/fast"
/usr/bin/make -f CMakeFiles/cmTC_b9a6d.dir/build.make CMakeFiles/cmTC_b9a6d.dir/build
make[1]: Entering directory '/home/roboy/workspace/tracking_ws/src/roboy_darkroom/darkroom_rqt/cmake-build-debug/CMakeFiles/CMakeTmp'
Building C object CMakeFiles/cmTC_b9a6d.dir/CheckFunctionExists.c.o
/usr/bin/cc   -DCHECK_FUNCTION_EXISTS=pthread_create   -o CMakeFiles/cmTC_b9a6d.dir/CheckFunctionExists.c.o   -c /opt/clion-2018.3.4/bin/cmake/linux/share/cmake-3.13/Modules/CheckFunctionExists.c
Linking C executable cmTC_b9a6d
/opt/clion-2018.3.4/bin/cmake/linux/bin/cmake -E cmake_link_script CMakeFiles/cmTC_b9a6d.dir/link.txt --verbose=1
/usr/bin/cc  -DCHECK_FUNCTION_EXISTS=pthread_create    -rdynamic CMakeFiles/cmTC_b9a6d.dir/CheckFunctionExists.c.o  -o cmTC_b9a6d -lpthreads 
/usr/bin/ld: cannot find -lpthreads
collect2: error: ld returned 1 exit status
CMakeFiles/cmTC_b9a6d.dir/build.make:86: recipe for target 'cmTC_b9a6d' failed
make[1]: *** [cmTC_b9a6d] Error 1
make[1]: Leaving directory '/home/roboy/workspace/tracking_ws/src/roboy_darkroom/darkroom_rqt/cmake-build-debug/CMakeFiles/CMakeTmp'
Makefile:121: recipe for target 'cmTC_b9a6d/fast' failed
make: *** [cmTC_b9a6d/fast] Error 2


