Determining if the pthread_create exist failed with the following output:
Change Dir: /home/roboy/workspace/tracking_ws/src/roboy_darkroom/darkroom/cmake-build-debug/CMakeFiles/CMakeTmp

Run Build Command:"/usr/bin/make" "cmTC_c343d/fast"
/usr/bin/make -f CMakeFiles/cmTC_c343d.dir/build.make CMakeFiles/cmTC_c343d.dir/build
make[1]: Entering directory '/home/roboy/workspace/tracking_ws/src/roboy_darkroom/darkroom/cmake-build-debug/CMakeFiles/CMakeTmp'
Building C object CMakeFiles/cmTC_c343d.dir/CheckSymbolExists.c.o
/usr/bin/cc    -o CMakeFiles/cmTC_c343d.dir/CheckSymbolExists.c.o   -c /home/roboy/workspace/tracking_ws/src/roboy_darkroom/darkroom/cmake-build-debug/CMakeFiles/CMakeTmp/CheckSymbolExists.c
Linking C executable cmTC_c343d
/opt/clion-2018.3.4/bin/cmake/linux/bin/cmake -E cmake_link_script CMakeFiles/cmTC_c343d.dir/link.txt --verbose=1
/usr/bin/cc      -rdynamic CMakeFiles/cmTC_c343d.dir/CheckSymbolExists.c.o  -o cmTC_c343d 
CMakeFiles/cmTC_c343d.dir/CheckSymbolExists.c.o: In function `main':
CheckSymbolExists.c:(.text+0x1b): undefined reference to `pthread_create'
collect2: error: ld returned 1 exit status
CMakeFiles/cmTC_c343d.dir/build.make:86: recipe for target 'cmTC_c343d' failed
make[1]: *** [cmTC_c343d] Error 1
make[1]: Leaving directory '/home/roboy/workspace/tracking_ws/src/roboy_darkroom/darkroom/cmake-build-debug/CMakeFiles/CMakeTmp'
Makefile:121: recipe for target 'cmTC_c343d/fast' failed
make: *** [cmTC_c343d/fast] Error 2

File /home/roboy/workspace/tracking_ws/src/roboy_darkroom/darkroom/cmake-build-debug/CMakeFiles/CMakeTmp/CheckSymbolExists.c:
/* */
#include <pthread.h>

int main(int argc, char** argv)
{
  (void)argv;
#ifndef pthread_create
  return ((int*)(&pthread_create))[argc];
#else
  (void)argc;
  return 0;
#endif
}

Determining if the function pthread_create exists in the pthreads failed with the following output:
Change Dir: /home/roboy/workspace/tracking_ws/src/roboy_darkroom/darkroom/cmake-build-debug/CMakeFiles/CMakeTmp

Run Build Command:"/usr/bin/make" "cmTC_9a1e8/fast"
/usr/bin/make -f CMakeFiles/cmTC_9a1e8.dir/build.make CMakeFiles/cmTC_9a1e8.dir/build
make[1]: Entering directory '/home/roboy/workspace/tracking_ws/src/roboy_darkroom/darkroom/cmake-build-debug/CMakeFiles/CMakeTmp'
Building C object CMakeFiles/cmTC_9a1e8.dir/CheckFunctionExists.c.o
/usr/bin/cc   -DCHECK_FUNCTION_EXISTS=pthread_create   -o CMakeFiles/cmTC_9a1e8.dir/CheckFunctionExists.c.o   -c /opt/clion-2018.3.4/bin/cmake/linux/share/cmake-3.13/Modules/CheckFunctionExists.c
Linking C executable cmTC_9a1e8
/opt/clion-2018.3.4/bin/cmake/linux/bin/cmake -E cmake_link_script CMakeFiles/cmTC_9a1e8.dir/link.txt --verbose=1
/usr/bin/cc  -DCHECK_FUNCTION_EXISTS=pthread_create    -rdynamic CMakeFiles/cmTC_9a1e8.dir/CheckFunctionExists.c.o  -o cmTC_9a1e8 -lpthreads 
/usr/bin/ld: cannot find -lpthreads
collect2: error: ld returned 1 exit status
CMakeFiles/cmTC_9a1e8.dir/build.make:86: recipe for target 'cmTC_9a1e8' failed
make[1]: *** [cmTC_9a1e8] Error 1
make[1]: Leaving directory '/home/roboy/workspace/tracking_ws/src/roboy_darkroom/darkroom/cmake-build-debug/CMakeFiles/CMakeTmp'
Makefile:121: recipe for target 'cmTC_9a1e8/fast' failed
make: *** [cmTC_9a1e8/fast] Error 2


